--------------------------------------------------------------------------------------------------------------------------------
      name:  Analysis
       log:  C:\Users\u0091183\Desktop\Phd\Papers\startup joiners\joiners\joiners_analysis.log
  log type:  text
 opened on:  21 Nov 2016, 16:26:38

. 
. use joinersc.dta

. set matsize 10000

. /*++++++++++++++++++++++++++++++++++++++++++++++++++++++++++++++++++++++++++++++
>                                                                 IMPORTANT VARIABLES
> 
> age             age2            male            mar             race            degree          major     hdclas
> tenure  newbus          emsize          emtp    emrg            emsecdt         facadv    facben
> facchal facind          facloc          facresp facsal          facsoc          fptind    industry        
> bindustry       lfstat  nocpr           nocprmg nocprng         waprsm          wascsm    wapri
> wasec   workexp         waacc           waemrl  wamgmt          waprod          waqm      wasale
> wasvc   waaprsh         wabrsh          wacom   wadev           wadsn           waot      watea
> wan             cmrcn           resn            emplr   wage03          wage06          wage08    wage10
> lnwage03        lnwage06        lnwage08        lnwage10                dlnwage
> 
> +++++++++++++++++++++++++++++++++++++++++++++++++++++++++++++++++++++++++++++*/
. 
end of do-file

. do "C:\Users\u0091183\AppData\Local\Temp\STD00000000.tmp"

. 
. reg dlnwage b3.emplr i.degree i.major i.hdclas i.bindustry i.nocprmg i.fptind i.emsecdt age age2 tenure male i.race mar, vce(r
> obust)

Linear regression                               Number of obs     =     29,596
                                                F(67, 29528)      =      13.80
                                                Prob > F          =     0.0000
                                                R-squared         =     0.0454
                                                Root MSE          =     .14338

-------------------------------------------------------------------------------------------------------------------------------
                                                              |               Robust
                                                      dlnwage |      Coef.   Std. Err.      t    P>|t|     [95% Conf. Interval]
--------------------------------------------------------------+----------------------------------------------------------------
                                                        emplr |
                                                     Startup  |   .0018957   .0067696     0.28   0.779    -.0113729    .0151644
                                           Small Established  |  -.0004198    .002732    -0.15   0.878    -.0057746    .0049351
                                                              |
                                                       degree |
                                                    Master's  |   .0021263   .0019928     1.07   0.286    -.0017796    .0060323
                                                   Doctorate  |  -.0157248   .0072171    -2.18   0.029    -.0298707   -.0015788
                                                Professional  |   .0054847   .0046408     1.18   0.237    -.0036115    .0145808
                                                              |
                                                        major |
                                   Life and related sciences  |   .0094503   .0047101     2.01   0.045     .0002183    .0186823
                               Physical and related sciences  |     .00494   .0044686     1.11   0.269    -.0038187    .0136986
                                 Social and related sciences  |   .0031655   .0036878     0.86   0.391    -.0040628    .0103938
                                                 Engineering  |   .0083135   .0030666     2.71   0.007     .0023028    .0143242
                                      S and E-Related Fields  |   .0025835   .0036636     0.71   0.481    -.0045973    .0097642
                                          Non-S and E Fields  |   .0042651    .002901     1.47   0.142    -.0014211    .0099513
                                                              |
                                                       hdclas |
                                      Research University II  |   .0031657   .0030446     1.04   0.298    -.0028018    .0091331
                                        Doctorate Granting I  |   .0020375   .0034175     0.60   0.551    -.0046609    .0087359
                                       Doctorate Granting II  |   .0022332    .003132     0.71   0.476    -.0039056     .008372
                                             Comprehensive I  |   .0031058   .0023682     1.31   0.190    -.0015359    .0077475
                                            Comprehensive II  |   .0043135   .0066793     0.65   0.518    -.0087782    .0174053
                                              Liberal Arts I  |  -.0013958   .0050729    -0.28   0.783    -.0113389    .0085473
                                             Liberal Arts II  |   .0049518   .0040259     1.23   0.219     -.002939    .0128427
                                       Two-year institutions  |   .0026546   .0084661     0.31   0.754    -.0139393    .0192486
                      Theological seminaries, bible colleges  |   .0005759   .0103439     0.06   0.956    -.0196986    .0208504
                         Medical schools and medical centers  |     .01512   .0083749     1.81   0.071    -.0012951    .0315352
                  Other separate health professional schools  |   .0077893   .0163328     0.48   0.633    -.0242238    .0398024
                       Schools of engineering and technology  |   .0005647   .0081222     0.07   0.945    -.0153553    .0164846
                           Schools of art, music, and design  |   .0182884   .0220609     0.83   0.407    -.0249519    .0615286
                                              Schools of law  |   .0135046   .0202722     0.67   0.505    -.0262299     .053239
                              Other specialized institutions  |  -.0096273   .0052272    -1.84   0.066    -.0198729    .0006184
                                                              |
                                                    bindustry |
                                                      Mining  |   .0204398   .0176462     1.16   0.247    -.0141475    .0550272
                                                   Utilities  |  -.0066643   .0132463    -0.50   0.615    -.0326276     .019299
                                                Construction  |  -.0144513    .014203    -1.02   0.309    -.0422898    .0133872
                                               Manufacturing  |  -.0089872   .0129956    -0.69   0.489    -.0344592    .0164848
                                             Wholesale Trade  |  -.0022106   .0136448    -0.16   0.871     -.028955    .0245338
                                                Retail Trade  |   .0075398   .0150844     0.50   0.617    -.0220263    .0371058
                              Transportation and Warehousing  |   -.003169   .0161649    -0.20   0.845    -.0348529    .0285149
                                                 Information  |  -.0223013   .0134571    -1.66   0.097    -.0486778    .0040752
                                       Finance and Insurance  |  -.0073509   .0134212    -0.55   0.584     -.033657    .0189551
                          Real Estate and Rental and Leasing  |  -.0352372   .0172999    -2.04   0.042    -.0691458   -.0013286
            Professional, Scientific, and Technical Services  |  -.0093397   .0129889    -0.72   0.472    -.0347985    .0161191
                     Management of Companies and Enterprises  |  -.0076263   .0153416    -0.50   0.619    -.0376964    .0224438
Administrative and Support and Waste Management and Remedi..  |    .004277   .0176494     0.24   0.809    -.0303166    .0388707
                                        Educational Services  |  -.0159931   .0150055    -1.07   0.287    -.0454045    .0134183
                           Health Care and Social Assistance  |   -.011887   .0135824    -0.88   0.381    -.0385091    .0147351
                         Arts, Entertainment, and Recreation  |   -.002872    .023186    -0.12   0.901    -.0483175    .0425735
                             Accommodation and Food Services  |   .0228503   .0259568     0.88   0.379    -.0280261    .0737268
               Other Services (except Public Administration)  |  -.0099267   .0154683    -0.64   0.521    -.0402452    .0203919
                                       Public Administration  |  -.0100453   .0151586    -0.66   0.508     -.039757    .0196663
                                                              |
                                                      nocprmg |
          Biological, agricultural and other life scientists  |   .0012193   .0064214     0.19   0.849     -.011367    .0138055
                             Physical and related scientists  |   .0064021   .0058455     1.10   0.273    -.0050554    .0178595
                               Social and related scientists  |   .0070334   .0056624     1.24   0.214    -.0040651     .018132
                                                   Engineers  |    .009018   .0027866     3.24   0.001     .0035562    .0144798
                                 S and E related occupations  |   .0068627   .0029722     2.31   0.021     .0010371    .0126883
                                     Non-S and E Occupations  |     .00074   .0027147     0.27   0.785    -.0045809    .0060609
                                                              |
                                                       fptind |
                                                   Part-time  |   .0831729    .006143    13.54   0.000     .0711323    .0952136
                                                              |
                                                      emsecdt |
                          2-yr coll/pre-college institutions  |  -.0102691   .0046791    -2.19   0.028    -.0194404   -.0010979
                                         Bus/Ind, for-profit  |  -.0319347   .0073469    -4.35   0.000    -.0463349   -.0175345
                                         Bus/Ind, non-profit  |  -.0216303   .0073816    -2.93   0.003    -.0360985   -.0071621
                                          Federal government  |  -.0098784   .0109672    -0.90   0.368    -.0313746    .0116178
                                      State/Local government  |  -.0150335   .0108386    -1.39   0.165    -.0362776    .0062107
                                                              |
                                                          age |   .0022079   .0009439     2.34   0.019     .0003577     .004058
                                                         age2 |  -.0000447   .0000109    -4.11   0.000     -.000066   -.0000234
                                                       tenure |  -.0009379   .0001273    -7.37   0.000    -.0011874   -.0006884
                                                         male |   .0041603   .0020234     2.06   0.040     .0001943    .0081264
                                                              |
                                                         race |
                               American Indian/Alaska Native  |   .0079091   .0082734     0.96   0.339    -.0083072    .0241254
                                                       Black  |  -.0017164   .0043214    -0.40   0.691    -.0101865    .0067538
                                                       White  |  -.0026781   .0027932    -0.96   0.338    -.0081528    .0027967
                      Native Hawaiian/Other Pacific Islander  |   .0380487    .020386     1.87   0.062    -.0019088    .0780062
                                                    Multiple  |  -.0033784   .0052021    -0.65   0.516    -.0135746    .0068179
                                                              |
                                                          mar |  -.0052384   .0020496    -2.56   0.011    -.0092557   -.0012212
                                                        _cons |   .0622248    .024677     2.52   0.012     .0138567    .1105929
-------------------------------------------------------------------------------------------------------------------------------

. 
end of do-file

. do "C:\Users\u0091183\AppData\Local\Temp\STD00000000.tmp"

. ivreg2 dlnwage i.degree i.major i.hdclas i.bindustry i.nocprmg wan i.fptind i.emsecdt age age2 tenure male i.race mar (startup
>  = i.facsec), robust first 

First-stage regressions
-----------------------


First-stage regression of startup:

Statistics robust to heteroskedasticity
Number of obs =                  29596
-------------------------------------------------------------------------------------------------------------------------------
                                                              |               Robust
                                                      startup |      Coef.   Std. Err.      t    P>|t|     [95% Conf. Interval]
--------------------------------------------------------------+----------------------------------------------------------------
                                                       facsec |
                                                           2  |   .0210839   .0183953     1.15   0.252    -.0149718    .0571395
                                                           3  |   -.015578   .0161765    -0.96   0.336    -.0472847    .0161287
                                                           4  |  -.0232704    .016118    -1.44   0.149    -.0548624    .0083216
                                                              |
                                                       degree |
                                                    Master's  |    .001458   .0020839     0.70   0.484    -.0026266    .0055426
                                                   Doctorate  |   .0008757   .0057976     0.15   0.880    -.0104879    .0122393
                                                Professional  |  -.0011818   .0043403    -0.27   0.785     -.009689    .0073254
                                                              |
                                                        major |
                                   Life and related sciences  |  -.0035768   .0048911    -0.73   0.465    -.0131636      .00601
                               Physical and related sciences  |   .0072167    .006339     1.14   0.255    -.0052081    .0196415
                                 Social and related sciences  |  -.0051111   .0045025    -1.14   0.256    -.0139361     .003714
                                                 Engineering  |   .0004636   .0046769     0.10   0.921    -.0087033    .0096305
                                      S and E-Related Fields  |  -.0046909   .0041243    -1.14   0.255    -.0127747     .003393
                                          Non-S and E Fields  |  -.0070646   .0038694    -1.83   0.068    -.0146488    .0005197
                                                              |
                                                       hdclas |
                                      Research University II  |  -.0033988   .0032631    -1.04   0.298    -.0097946    .0029971
                                        Doctorate Granting I  |  -.0026615   .0035317    -0.75   0.451    -.0095837    .0042607
                                       Doctorate Granting II  |  -.0064077   .0033561    -1.91   0.056    -.0129859    .0001705
                                             Comprehensive I  |  -.0028427    .002376    -1.20   0.232    -.0074998    .0018143
                                            Comprehensive II  |  -.0069404   .0061899    -1.12   0.262    -.0190728     .005192
                                              Liberal Arts I  |  -.0049975   .0064254    -0.78   0.437    -.0175916    .0075965
                                             Liberal Arts II  |  -.0058278   .0039637    -1.47   0.141    -.0135969    .0019413
                                       Two-year institutions  |   .0188325   .0231087     0.81   0.415    -.0264616    .0641266
                      Theological seminaries, bible colleges  |  -.0205348   .0093976    -2.19   0.029    -.0389545    -.002115
                         Medical schools and medical centers  |   .0145662   .0080572     1.81   0.071    -.0012263    .0303586
                  Other separate health professional schools  |  -.0127893   .0108729    -1.18   0.240    -.0341007    .0085221
                       Schools of engineering and technology  |  -.0049555   .0093742    -0.53   0.597    -.0233293    .0134183
                           Schools of art, music, and design  |  -.0220757   .0050474    -4.37   0.000    -.0319689   -.0121825
                                              Schools of law  |   .0251802   .0275473     0.91   0.361    -.0288138    .0791741
                              Other specialized institutions  |    .000767   .0084093     0.09   0.927    -.0157156    .0172495
                                                              |
                                                    bindustry |
                                                      Mining  |  -.0111742   .0338925    -0.33   0.742     -.077605    .0552565
                                                   Utilities  |  -.0308821   .0316771    -0.97   0.330    -.0929707    .0312064
                                                Construction  |  -.0103559   .0334347    -0.31   0.757    -.0758894    .0551776
                                               Manufacturing  |   -.027657   .0315424    -0.88   0.381    -.0894815    .0341675
                                             Wholesale Trade  |  -.0198964   .0323217    -0.62   0.538    -.0832485    .0434556
                                                Retail Trade  |  -.0150418   .0321097    -0.47   0.639    -.0779782    .0478946
                              Transportation and Warehousing  |  -.0335911   .0322084    -1.04   0.297    -.0967211    .0295388
                                                 Information  |  -.0149914   .0321331    -0.47   0.641    -.0779737    .0479909
                                       Finance and Insurance  |  -.0170341   .0318694    -0.53   0.593    -.0794996    .0454313
                          Real Estate and Rental and Leasing  |   .0449243   .0413391     1.09   0.277    -.0361021    .1259507
            Professional, Scientific, and Technical Services  |   .0199264   .0317085     0.63   0.530    -.0422236    .0820765
                     Management of Companies and Enterprises  |  -.0475237   .0316999    -1.50   0.134    -.1096569    .0146094
Administrative and Support and Waste Management and Remedi..  |   .0092212   .0342982     0.27   0.788    -.0580047    .0764472
                                        Educational Services  |   .0074837   .0326485     0.23   0.819    -.0565087    .0714762
                           Health Care and Social Assistance  |   .0006024   .0318154     0.02   0.985    -.0617572    .0629619
                         Arts, Entertainment, and Recreation  |  -.0192968   .0360023    -0.54   0.592    -.0898629    .0512692
                             Accommodation and Food Services  |  -.0090684   .0377779    -0.24   0.810    -.0831147    .0649779
               Other Services (except Public Administration)  |  -.0009667   .0326254    -0.03   0.976    -.0649139    .0629806
                                       Public Administration  |  -.0048911   .0391116    -0.13   0.900    -.0815516    .0717695
                                                              |
                                                      nocprmg |
          Biological, agricultural and other life scientists  |  -.0030932   .0048973    -0.63   0.528    -.0126921    .0065056
                             Physical and related scientists  |  -.0104982   .0057678    -1.82   0.069    -.0218034     .000807
                               Social and related scientists  |    .008606   .0062939     1.37   0.172    -.0037303    .0209423
                                                   Engineers  |  -.0096878   .0038548    -2.51   0.012    -.0172434   -.0021322
                                 S and E related occupations  |  -.0033752   .0031271    -1.08   0.280    -.0095045    .0027541
                                     Non-S and E Occupations  |   .0055841   .0032816     1.70   0.089    -.0008479    .0120162
                                                              |
                                                          wan |   .0025786   .0004257     6.06   0.000     .0017443     .003413
                                                              |
                                                       fptind |
                                                   Part-time  |   .0074309   .0040126     1.85   0.064    -.0004341    .0152959
                                                              |
                                                      emsecdt |
                          2-yr coll/pre-college institutions  |   .0127286   .0027787     4.58   0.000     .0072822    .0181751
                                         Bus/Ind, for-profit  |   .0476642   .0078572     6.07   0.000     .0322636    .0630647
                                         Bus/Ind, non-profit  |   .0198385   .0072143     2.75   0.006      .005698    .0339789
                                          Federal government  |   .0145757   .0240244     0.61   0.544    -.0325132    .0616646
                                      State/Local government  |   .0129795   .0239966     0.54   0.589    -.0340549     .060014
                                                              |
                                                          age |  -.0000567   .0007882    -0.07   0.943    -.0016017    .0014883
                                                         age2 |   2.06e-06   8.48e-06     0.24   0.808    -.0000146    .0000187
                                                       tenure |  -.0019727   .0001001   -19.70   0.000     -.002169   -.0017765
                                                         male |   .0092094   .0018088     5.09   0.000     .0056642    .0127547
                                                              |
                                                         race |
                               American Indian/Alaska Native  |  -.0036306   .0125385    -0.29   0.772    -.0282065    .0209454
                                                       Black  |  -.0126803   .0043931    -2.89   0.004     -.021291   -.0040696
                                                       White  |  -.0090365   .0037427    -2.41   0.016    -.0163723   -.0017006
                      Native Hawaiian/Other Pacific Islander  |  -.0095351   .0151607    -0.63   0.529    -.0392507    .0201804
                                                    Multiple  |  -.0080596   .0072943    -1.10   0.269    -.0223568    .0062377
                                                              |
                                                          mar |  -.0026873   .0020561    -1.31   0.191    -.0067174    .0013427
                                                        _cons |   .0293747   .0402859     0.73   0.466    -.0495874    .1083368
-------------------------------------------------------------------------------------------------------------------------------
F test of excluded instruments:
  F(  3, 29526) =    12.99
  Prob > F      =   0.0000
Sanderson-Windmeijer multivariate F test of excluded instruments:
  F(  3, 29526) =    12.99
  Prob > F      =   0.0000



Summary results for first-stage regressions
-------------------------------------------

                                           (Underid)            (Weak id)
Variable     | F(  3, 29526)  P-val | SW Chi-sq(  3) P-val | SW F(  3, 29526)
startup      |      12.99    0.0000 |       39.07   0.0000 |       12.99

NB: first-stage test statistics heteroskedasticity-robust

Stock-Yogo weak ID F test critical values for single endogenous regressor:
                                    5% maximal IV relative bias    13.91
                                   10% maximal IV relative bias     9.08
                                   20% maximal IV relative bias     6.46
                                   30% maximal IV relative bias     5.39
                                   10% maximal IV size             22.30
                                   15% maximal IV size             12.83
                                   20% maximal IV size              9.54
                                   25% maximal IV size              7.80
Source: Stock-Yogo (2005).  Reproduced by permission.
NB: Critical values are for i.i.d. errors only.

Underidentification test
Ho: matrix of reduced form coefficients has rank=K1-1 (underidentified)
Ha: matrix has rank=K1 (identified)
Kleibergen-Paap rk LM statistic          Chi-sq(3)=38.62    P-val=0.0000

Weak identification test
Ho: equation is weakly identified
Cragg-Donald Wald F statistic                                      26.34
Kleibergen-Paap Wald rk F statistic                                12.99

Stock-Yogo weak ID test critical values for K1=1 and L1=3:
                                    5% maximal IV relative bias    13.91
                                   10% maximal IV relative bias     9.08
                                   20% maximal IV relative bias     6.46
                                   30% maximal IV relative bias     5.39
                                   10% maximal IV size             22.30
                                   15% maximal IV size             12.83
                                   20% maximal IV size              9.54
                                   25% maximal IV size              7.80
Source: Stock-Yogo (2005).  Reproduced by permission.
NB: Critical values are for Cragg-Donald F statistic and i.i.d. errors.

Weak-instrument-robust inference
Tests of joint significance of endogenous regressors B1 in main equation
Ho: B1=0 and orthogonality conditions are valid
Anderson-Rubin Wald test           F(3,29526)=     5.08     P-val=0.0016
Anderson-Rubin Wald test           Chi-sq(3)=     15.29     P-val=0.0016
Stock-Wright LM S statistic        Chi-sq(3)=     16.75     P-val=0.0008

NB: Underidentification, weak identification and weak-identification-robust
    test statistics heteroskedasticity-robust

Number of observations               N  =      29596
Number of regressors                 K  =         68
Number of endogenous regressors      K1 =          1
Number of instruments                L  =         70
Number of excluded instruments       L1 =          3

IV (2SLS) estimation
--------------------

Estimates efficient for homoskedasticity only
Statistics robust to heteroskedasticity

                                                      Number of obs =    29596
                                                      F( 67, 29528) =    13.30
                                                      Prob > F      =   0.0000
Total (centered) SS     =  635.9397701                Centered R2   =  -0.0069
Total (uncentered) SS   =  687.7073827                Uncentered R2 =   0.0689
Residual SS             =  640.3229597                Root MSE      =    .1471

-------------------------------------------------------------------------------------------------------------------------------
                                                              |               Robust
                                                      dlnwage |      Coef.   Std. Err.      z    P>|z|     [95% Conf. Interval]
--------------------------------------------------------------+----------------------------------------------------------------
                                                      startup |  -.2221081   .1511043    -1.47   0.142    -.5182672    .0740509
                                                              |
                                                       degree |
                                                    Master's  |   .0026051   .0020829     1.25   0.211    -.0014774    .0066876
                                                   Doctorate  |  -.0156556    .007323    -2.14   0.033    -.0300084   -.0013028
                                                Professional  |   .0045879   .0047501     0.97   0.334    -.0047222     .013898
                                                              |
                                                        major |
                                   Life and related sciences  |   .0089036    .004879     1.82   0.068     -.000659    .0184662
                               Physical and related sciences  |    .006683   .0047518     1.41   0.160    -.0026303    .0159963
                                 Social and related sciences  |   .0020974   .0038968     0.54   0.590    -.0055401     .009735
                                                 Engineering  |   .0087429   .0032432     2.70   0.007     .0023862    .0150995
                                      S and E-Related Fields  |   .0017411   .0038962     0.45   0.655    -.0058953    .0093774
                                          Non-S and E Fields  |   .0029933   .0032683     0.92   0.360    -.0034125    .0093991
                                                              |
                                                       hdclas |
                                      Research University II  |   .0023343   .0031914     0.73   0.465    -.0039207    .0085893
                                        Doctorate Granting I  |   .0012997     .00352     0.37   0.712    -.0055994    .0081988
                                       Doctorate Granting II  |   .0006653   .0033496     0.20   0.843    -.0058998    .0072305
                                             Comprehensive I  |   .0022382   .0025251     0.89   0.375    -.0027108    .0071873
                                            Comprehensive II  |    .002675   .0068127     0.39   0.695    -.0106777    .0160277
                                              Liberal Arts I  |  -.0024206   .0053077    -0.46   0.648    -.0128235    .0079824
                                             Liberal Arts II  |   .0034755   .0043067     0.81   0.420    -.0049654    .0119165
                                       Two-year institutions  |   .0068242   .0100852     0.68   0.499    -.0129425    .0265909
                      Theological seminaries, bible colleges  |  -.0038742   .0109213    -0.35   0.723    -.0252794    .0175311
                         Medical schools and medical centers  |   .0181601    .008788     2.07   0.039      .000936    .0353843
                  Other separate health professional schools  |   .0052641   .0166061     0.32   0.751    -.0272832    .0378114
                       Schools of engineering and technology  |  -.0007418   .0083059    -0.09   0.929     -.017021    .0155373
                           Schools of art, music, and design  |   .0132421   .0222146     0.60   0.551    -.0302977    .0567819
                                              Schools of law  |   .0188365   .0216198     0.87   0.384    -.0235376    .0612106
                              Other specialized institutions  |  -.0096005   .0056944    -1.69   0.092    -.0207614    .0015603
                                                              |
                                                    bindustry |
                                                      Mining  |   .0179802   .0201188     0.89   0.371    -.0214519    .0574122
                                                   Utilities  |  -.0139186    .016648    -0.84   0.403    -.0465482    .0187109
                                                Construction  |  -.0164645   .0170651    -0.96   0.335    -.0499115    .0169825
                                               Manufacturing  |  -.0148528   .0163635    -0.91   0.364    -.0469247    .0172191
                                             Wholesale Trade  |  -.0064209   .0166494    -0.39   0.700     -.039053    .0262112
                                                Retail Trade  |   .0041945   .0177184     0.24   0.813    -.0305328    .0389218
                              Transportation and Warehousing  |  -.0107204   .0192874    -0.56   0.578     -.048523    .0270823
                                                 Information  |  -.0256105   .0164242    -1.56   0.119    -.0578012    .0065803
                                       Finance and Insurance  |  -.0110037   .0163984    -0.67   0.502    -.0431438    .0211365
                          Real Estate and Rental and Leasing  |  -.0246332   .0215401    -1.14   0.253    -.0668511    .0175847
            Professional, Scientific, and Technical Services  |  -.0045719   .0161846    -0.28   0.778    -.0362931    .0271493
                     Management of Companies and Enterprises  |  -.0183984   .0191922    -0.96   0.338    -.0560144    .0192175
Administrative and Support and Waste Management and Remedi..  |   .0061086   .0198568     0.31   0.758    -.0328099    .0450272
                                        Educational Services  |  -.0147608   .0176054    -0.84   0.402    -.0492668    .0197452
                           Health Care and Social Assistance  |  -.0121769   .0163782    -0.74   0.457    -.0442776    .0199237
                         Arts, Entertainment, and Recreation  |  -.0072379   .0260234    -0.28   0.781    -.0582427     .043767
                             Accommodation and Food Services  |    .021616   .0276395     0.78   0.434    -.0325564    .0757883
               Other Services (except Public Administration)  |  -.0098035   .0180807    -0.54   0.588     -.045241     .025634
                                       Public Administration  |  -.0110015   .0184431    -0.60   0.551    -.0471493    .0251464
                                                              |
                                                      nocprmg |
          Biological, agricultural and other life scientists  |   .0010016   .0066398     0.15   0.880    -.0120122    .0140154
                             Physical and related scientists  |   .0042776   .0061527     0.70   0.487    -.0077813    .0163366
                               Social and related scientists  |   .0090685   .0059742     1.52   0.129    -.0026406    .0207777
                                                   Engineers  |   .0072051   .0033555     2.15   0.032     .0006283    .0137818
                                 S and E related occupations  |   .0062841   .0030899     2.03   0.042     .0002279    .0123403
                                     Non-S and E Occupations  |   .0022716   .0029319     0.77   0.438    -.0034748     .008018
                                                              |
                                                          wan |  -.0004301     .00055    -0.78   0.434    -.0015081    .0006479
                                                              |
                                                       fptind |
                                                   Part-time  |   .0844373   .0064509    13.09   0.000     .0717939    .0970808
                                                              |
                                                      emsecdt |
                          2-yr coll/pre-college institutions  |  -.0083715   .0051139    -1.64   0.102    -.0183946    .0016516
                                         Bus/Ind, for-profit  |  -.0217629   .0103801    -2.10   0.036    -.0421076   -.0014182
                                         Bus/Ind, non-profit  |  -.0174382   .0079928    -2.18   0.029    -.0331039   -.0017726
                                          Federal government  |  -.0075023    .012333    -0.61   0.543    -.0316745    .0166699
                                      State/Local government  |  -.0131839    .012189    -1.08   0.279    -.0370738    .0107061
                                                              |
                                                          age |   .0022069    .000957     2.31   0.021     .0003313    .0040826
                                                         age2 |  -.0000443    .000011    -4.02   0.000    -.0000659   -.0000227
                                                       tenure |   -.001403   .0003317    -4.23   0.000    -.0020532   -.0007529
                                                         male |   .0065742   .0026005     2.53   0.011     .0014774     .011671
                                                              |
                                                         race |
                               American Indian/Alaska Native  |   .0077217   .0084744     0.91   0.362    -.0088878    .0243311
                                                       Black  |   -.004439   .0049057    -0.90   0.366     -.014054    .0051759
                                                       White  |  -.0046219   .0031762    -1.46   0.146    -.0108471    .0016033
                      Native Hawaiian/Other Pacific Islander  |   .0363535   .0204907     1.77   0.076    -.0038076    .0765146
                                                    Multiple  |  -.0048565   .0055729    -0.87   0.384    -.0157793    .0060662
                                                              |
                                                          mar |  -.0057867   .0021238    -2.72   0.006    -.0099491   -.0016242
                                                        _cons |   .0682816    .026748     2.55   0.011     .0158564    .1207067
-------------------------------------------------------------------------------------------------------------------------------
Underidentification test (Kleibergen-Paap rk LM statistic):             38.617
                                                   Chi-sq(3) P-val =    0.0000
------------------------------------------------------------------------------
Weak identification test (Cragg-Donald Wald F statistic):               26.339
                         (Kleibergen-Paap rk Wald F statistic):         12.992
Stock-Yogo weak ID test critical values:  5% maximal IV relative bias    13.91
                                         10% maximal IV relative bias     9.08
                                         20% maximal IV relative bias     6.46
                                         30% maximal IV relative bias     5.39
                                         10% maximal IV size             22.30
                                         15% maximal IV size             12.83
                                         20% maximal IV size              9.54
                                         25% maximal IV size              7.80
Source: Stock-Yogo (2005).  Reproduced by permission.
NB: Critical values are for Cragg-Donald F statistic and i.i.d. errors.
------------------------------------------------------------------------------
Hansen J statistic (overidentification test of all instruments):         8.262
                                                   Chi-sq(2) P-val =    0.0161
------------------------------------------------------------------------------
Instrumented:         startup
Included instruments: 2.degree 3.degree 4.degree 2.major 3.major 4.major
                      5.major 6.major 7.major 12.hdclas 13.hdclas 14.hdclas
                      21.hdclas 22.hdclas 31.hdclas 32.hdclas 40.hdclas
                      51.hdclas 52.hdclas 53.hdclas 54.hdclas 56.hdclas
                      57.hdclas 59.hdclas 2.bindustry 3.bindustry 4.bindustry
                      5.bindustry 6.bindustry 7.bindustry 8.bindustry
                      9.bindustry 10.bindustry 11.bindustry 12.bindustry
                      13.bindustry 14.bindustry 15.bindustry 16.bindustry
                      17.bindustry 18.bindustry 19.bindustry 20.bindustry
                      2.nocprmg 3.nocprmg 4.nocprmg 5.nocprmg 6.nocprmg
                      7.nocprmg wan 2.fptind 12.emsecdt 21.emsecdt 23.emsecdt
                      31.emsecdt 32.emsecdt age age2 tenure male 2.race 3.race
                      4.race 5.race 6.race mar
Excluded instruments: 2.facsec 3.facsec 4.facsec
------------------------------------------------------------------------------

. 
end of do-file

. do "C:\Users\u0091183\AppData\Local\Temp\STD00000000.tmp"

. ivreg2 dlnwage lnwage03 i.degree i.major i.hdclas i.bindustry i.nocprmg wan i.fptind i.emsecdt age age2 tenure male i.race mar
>  (startup = i.facsec), robust first 

First-stage regressions
-----------------------


First-stage regression of startup:

Statistics robust to heteroskedasticity
Number of obs =                  29596
-------------------------------------------------------------------------------------------------------------------------------
                                                              |               Robust
                                                      startup |      Coef.   Std. Err.      t    P>|t|     [95% Conf. Interval]
--------------------------------------------------------------+----------------------------------------------------------------
                                                       facsec |
                                                           2  |   .0214412    .018418     1.16   0.244     -.014659    .0575413
                                                           3  |   -.015183   .0162165    -0.94   0.349     -.046968     .016602
                                                           4  |  -.0228922   .0161558    -1.42   0.157    -.0545584    .0087739
                                                              |
                                                     lnwage03 |  -.0015493   .0020511    -0.76   0.450    -.0055696     .002471
                                                              |
                                                       degree |
                                                    Master's  |    .001673    .002077     0.81   0.421    -.0023981     .005744
                                                   Doctorate  |   .0013808   .0058228     0.24   0.813    -.0100322    .0127938
                                                Professional  |  -.0004027   .0044646    -0.09   0.928    -.0091534    .0083481
                                                              |
                                                        major |
                                   Life and related sciences  |  -.0038561   .0049152    -0.78   0.433    -.0134901     .005778
                               Physical and related sciences  |    .007121   .0063452     1.12   0.262    -.0053159    .0195579
                                 Social and related sciences  |  -.0053423    .004536    -1.18   0.239    -.0142331    .0035486
                                                 Engineering  |   .0005026   .0046749     0.11   0.914    -.0086604    .0096657
                                      S and E-Related Fields  |  -.0047783   .0041305    -1.16   0.247    -.0128742    .0033177
                                          Non-S and E Fields  |  -.0071734   .0038799    -1.85   0.064    -.0147782    .0004314
                                                              |
                                                       hdclas |
                                      Research University II  |  -.0034889   .0032602    -1.07   0.285    -.0098789    .0029012
                                        Doctorate Granting I  |  -.0028058   .0035285    -0.80   0.427    -.0097218    .0041102
                                       Doctorate Granting II  |  -.0065197   .0033647    -1.94   0.053    -.0131147    .0000753
                                             Comprehensive I  |  -.0029815   .0023769    -1.25   0.210    -.0076402    .0016773
                                            Comprehensive II  |  -.0071955   .0062161    -1.16   0.247    -.0193793    .0049883
                                              Liberal Arts I  |  -.0049583   .0064254    -0.77   0.440    -.0175523    .0076357
                                             Liberal Arts II  |  -.0060924   .0039517    -1.54   0.123    -.0138379    .0016531
                                       Two-year institutions  |   .0186195    .023122     0.81   0.421    -.0267007    .0639397
                      Theological seminaries, bible colleges  |  -.0210323   .0094693    -2.22   0.026    -.0395926    -.002472
                         Medical schools and medical centers  |   .0145385   .0080554     1.80   0.071    -.0012504    .0303274
                  Other separate health professional schools  |  -.0128626   .0108753    -1.18   0.237    -.0341787    .0084535
                       Schools of engineering and technology  |   -.005097   .0093793    -0.54   0.587    -.0234808    .0132868
                           Schools of art, music, and design  |  -.0222772   .0050912    -4.38   0.000    -.0322562   -.0122982
                                              Schools of law  |   .0249222   .0275493     0.90   0.366    -.0290757      .07892
                              Other specialized institutions  |   .0007482   .0084048     0.09   0.929    -.0157257    .0172221
                                                              |
                                                    bindustry |
                                                      Mining  |   -.010572   .0338847    -0.31   0.755    -.0769875    .0558435
                                                   Utilities  |  -.0304408   .0316721    -0.96   0.336    -.0925196     .031638
                                                Construction  |  -.0099263   .0334332    -0.30   0.767    -.0754569    .0556043
                                               Manufacturing  |   -.027196   .0315412    -0.86   0.389    -.0890182    .0346262
                                             Wholesale Trade  |   -.019477    .032313    -0.60   0.547    -.0828119    .0438579
                                                Retail Trade  |  -.0148118   .0321049    -0.46   0.645    -.0777388    .0481153
                              Transportation and Warehousing  |  -.0332478   .0322095    -1.03   0.302    -.0963797    .0298842
                                                 Information  |  -.0145331   .0321294    -0.45   0.651    -.0775081    .0484419
                                       Finance and Insurance  |  -.0165323   .0318695    -0.52   0.604    -.0789979    .0459332
                          Real Estate and Rental and Leasing  |   .0452102   .0413362     1.09   0.274    -.0358106    .1262309
            Professional, Scientific, and Technical Services  |   .0203838   .0317065     0.64   0.520    -.0417623      .08253
                     Management of Companies and Enterprises  |  -.0468669   .0316995    -1.48   0.139    -.1089994    .0152656
Administrative and Support and Waste Management and Remedi..  |   .0093478   .0342939     0.27   0.785    -.0578698    .0765654
                                        Educational Services  |   .0075263    .032645     0.23   0.818    -.0564593    .0715119
                           Health Care and Social Assistance  |   .0007986   .0318122     0.03   0.980    -.0615546    .0631519
                         Arts, Entertainment, and Recreation  |  -.0196365   .0359753    -0.55   0.585    -.0901496    .0508767
                             Accommodation and Food Services  |  -.0092324   .0377872    -0.24   0.807    -.0832969    .0648321
               Other Services (except Public Administration)  |   -.000978   .0326219    -0.03   0.976    -.0649184    .0629625
                                       Public Administration  |  -.0046941   .0391058    -0.12   0.904    -.0813432    .0719551
                                                              |
                                                      nocprmg |
          Biological, agricultural and other life scientists  |  -.0033462   .0048713    -0.69   0.492    -.0128942    .0062018
                             Physical and related scientists  |  -.0107456   .0057612    -1.87   0.062    -.0220379    .0005466
                               Social and related scientists  |   .0085301   .0062886     1.36   0.175    -.0037957     .020856
                                                   Engineers  |  -.0098045   .0038479    -2.55   0.011    -.0173466   -.0022624
                                 S and E related occupations  |  -.0033859   .0031265    -1.08   0.279     -.009514    .0027421
                                     Non-S and E Occupations  |   .0054336   .0032724     1.66   0.097    -.0009804    .0118477
                                                              |
                                                          wan |   .0026151    .000429     6.10   0.000     .0017744    .0034559
                                                              |
                                                       fptind |
                                                   Part-time  |   .0059799   .0042788     1.40   0.162    -.0024069    .0143666
                                                              |
                                                      emsecdt |
                          2-yr coll/pre-college institutions  |   .0125715   .0027601     4.55   0.000     .0071615    .0179814
                                         Bus/Ind, for-profit  |   .0478924   .0078593     6.09   0.000     .0324879    .0632969
                                         Bus/Ind, non-profit  |   .0199316   .0072144     2.76   0.006      .005791    .0340722
                                          Federal government  |   .0149526   .0240134     0.62   0.534    -.0321147      .06202
                                      State/Local government  |    .012995   .0239893     0.54   0.588    -.0340251    .0600151
                                                              |
                                                          age |   .0000334   .0007968     0.04   0.967    -.0015283    .0015951
                                                         age2 |   1.13e-06   8.56e-06     0.13   0.895    -.0000156    .0000179
                                                       tenure |  -.0019591   .0001005   -19.49   0.000    -.0021561    -.001762
                                                         male |   .0093715   .0018155     5.16   0.000      .005813      .01293
                                                              |
                                                         race |
                               American Indian/Alaska Native  |  -.0037225   .0125372    -0.30   0.767    -.0282959    .0208508
                                                       Black  |  -.0127753   .0043926    -2.91   0.004    -.0213849   -.0041657
                                                       White  |  -.0090631   .0037437    -2.42   0.015    -.0164009   -.0017253
                      Native Hawaiian/Other Pacific Islander  |    -.00973   .0151641    -0.64   0.521    -.0394522    .0199922
                                                    Multiple  |  -.0081521   .0072915    -1.12   0.264    -.0224437    .0061395
                                                              |
                                                          mar |  -.0025799   .0020589    -1.25   0.210    -.0066154    .0014557
                                                        _cons |   .0433237   .0441434     0.98   0.326    -.0431993    .1298467
-------------------------------------------------------------------------------------------------------------------------------
F test of excluded instruments:
  F(  3, 29525) =    12.98
  Prob > F      =   0.0000
Sanderson-Windmeijer multivariate F test of excluded instruments:
  F(  3, 29525) =    12.98
  Prob > F      =   0.0000



Summary results for first-stage regressions
-------------------------------------------

                                           (Underid)            (Weak id)
Variable     | F(  3, 29525)  P-val | SW Chi-sq(  3) P-val | SW F(  3, 29525)
startup      |      12.98    0.0000 |       39.04   0.0000 |       12.98

NB: first-stage test statistics heteroskedasticity-robust

Stock-Yogo weak ID F test critical values for single endogenous regressor:
                                    5% maximal IV relative bias    13.91
                                   10% maximal IV relative bias     9.08
                                   20% maximal IV relative bias     6.46
                                   30% maximal IV relative bias     5.39
                                   10% maximal IV size             22.30
                                   15% maximal IV size             12.83
                                   20% maximal IV size              9.54
                                   25% maximal IV size              7.80
Source: Stock-Yogo (2005).  Reproduced by permission.
NB: Critical values are for i.i.d. errors only.

Underidentification test
Ho: matrix of reduced form coefficients has rank=K1-1 (underidentified)
Ha: matrix has rank=K1 (identified)
Kleibergen-Paap rk LM statistic          Chi-sq(3)=38.59    P-val=0.0000

Weak identification test
Ho: equation is weakly identified
Cragg-Donald Wald F statistic                                      26.30
Kleibergen-Paap Wald rk F statistic                                12.98

Stock-Yogo weak ID test critical values for K1=1 and L1=3:
                                    5% maximal IV relative bias    13.91
                                   10% maximal IV relative bias     9.08
                                   20% maximal IV relative bias     6.46
                                   30% maximal IV relative bias     5.39
                                   10% maximal IV size             22.30
                                   15% maximal IV size             12.83
                                   20% maximal IV size              9.54
                                   25% maximal IV size              7.80
Source: Stock-Yogo (2005).  Reproduced by permission.
NB: Critical values are for Cragg-Donald F statistic and i.i.d. errors.

Weak-instrument-robust inference
Tests of joint significance of endogenous regressors B1 in main equation
Ho: B1=0 and orthogonality conditions are valid
Anderson-Rubin Wald test           F(3,29525)=     5.67     P-val=0.0007
Anderson-Rubin Wald test           Chi-sq(3)=     17.05     P-val=0.0007
Stock-Wright LM S statistic        Chi-sq(3)=     18.29     P-val=0.0004

NB: Underidentification, weak identification and weak-identification-robust
    test statistics heteroskedasticity-robust

Number of observations               N  =      29596
Number of regressors                 K  =         69
Number of endogenous regressors      K1 =          1
Number of instruments                L  =         71
Number of excluded instruments       L1 =          3

IV (2SLS) estimation
--------------------

Estimates efficient for homoskedasticity only
Statistics robust to heteroskedasticity

                                                      Number of obs =    29596
                                                      F( 68, 29527) =    30.80
                                                      Prob > F      =   0.0000
Total (centered) SS     =  635.9397701                Centered R2   =   0.2427
Total (uncentered) SS   =  687.7073827                Uncentered R2 =   0.2997
Residual SS             =  481.6168958                Root MSE      =    .1276

-------------------------------------------------------------------------------------------------------------------------------
                                                              |               Robust
                                                      dlnwage |      Coef.   Std. Err.      z    P>|z|     [95% Conf. Interval]
--------------------------------------------------------------+----------------------------------------------------------------
                                                      startup |  -.3008764   .1337707    -2.25   0.025    -.5630622   -.0386906
                                                     lnwage03 |  -.1556847   .0052399   -29.71   0.000    -.1659548   -.1454146
                                                              |
                                                       degree |
                                                    Master's  |   .0244335   .0020008    12.21   0.000      .020512     .028355
                                                   Doctorate  |   .0349833   .0070524     4.96   0.000     .0211609    .0488056
                                                Professional  |   .0828934   .0049169    16.86   0.000     .0732563    .0925304
                                                              |
                                                        major |
                                   Life and related sciences  |  -.0194333   .0044223    -4.39   0.000    -.0281008   -.0107659
                               Physical and related sciences  |  -.0024158   .0045727    -0.53   0.597    -.0113781    .0065465
                                 Social and related sciences  |  -.0215158   .0036937    -5.83   0.000    -.0287553   -.0142763
                                                 Engineering  |   .0126974   .0030352     4.18   0.000     .0067485    .0186463
                                      S and E-Related Fields  |  -.0075378    .003452    -2.18   0.029    -.0143037    -.000772
                                          Non-S and E Fields  |  -.0085348   .0030021    -2.84   0.004    -.0144188   -.0026509
                                                              |
                                                       hdclas |
                                      Research University II  |  -.0069877   .0027447    -2.55   0.011    -.0123673   -.0016082
                                        Doctorate Granting I  |  -.0134487   .0030874    -4.36   0.000       -.0195   -.0073975
                                       Doctorate Granting II  |   -.011079   .0029456    -3.76   0.000    -.0168523   -.0053057
                                             Comprehensive I  |  -.0120529   .0021598    -5.58   0.000    -.0162862   -.0078197
                                            Comprehensive II  |  -.0235931   .0055196    -4.27   0.000    -.0344114   -.0127749
                                              Liberal Arts I  |    .000898   .0050594     0.18   0.859    -.0090183    .0108143
                                             Liberal Arts II  |  -.0238001   .0038306    -6.21   0.000    -.0313079   -.0162923
                                       Two-year institutions  |  -.0139607   .0128352    -1.09   0.277    -.0391173    .0111959
                      Theological seminaries, bible colleges  |  -.0554391   .0113297    -4.89   0.000    -.0776449   -.0332333
                         Medical schools and medical centers  |   .0163392    .006783     2.41   0.016     .0030448    .0296337
                  Other separate health professional schools  |  -.0029357   .0134558    -0.22   0.827    -.0293085    .0234372
                       Schools of engineering and technology  |  -.0152198   .0064483    -2.36   0.018    -.0278582   -.0025815
                           Schools of art, music, and design  |   -.008602   .0158955    -0.54   0.588    -.0397566    .0225527
                                              Schools of law  |  -.0058097   .0206926    -0.28   0.779    -.0463664     .034747
                              Other specialized institutions  |  -.0114181   .0055573    -2.05   0.040    -.0223103   -.0005259
                                                              |
                                                    bindustry |
                                                      Mining  |   .0775481   .0197445     3.93   0.000     .0388497    .1162466
                                                   Utilities  |   .0281951   .0180612     1.56   0.119    -.0072041    .0635943
                                                Construction  |   .0259874   .0184858     1.41   0.160    -.0102442     .062219
                                               Manufacturing  |   .0293801   .0177727     1.65   0.098    -.0054538     .064214
                                             Wholesale Trade  |   .0339926   .0180213     1.89   0.059    -.0013285    .0693138
                                                Retail Trade  |   .0261118   .0187066     1.40   0.163    -.0105526    .0627762
                              Transportation and Warehousing  |   .0213506   .0197414     1.08   0.279    -.0173418    .0600431
                                                 Information  |    .019159   .0178806     1.07   0.284    -.0158865    .0542044
                                       Finance and Insurance  |   .0380188   .0178252     2.13   0.033      .003082    .0729556
                          Real Estate and Rental and Leasing  |   .0073943   .0235676     0.31   0.754    -.0387972    .0535859
            Professional, Scientific, and Technical Services  |   .0429262   .0176219     2.44   0.015     .0083879    .0774645
                     Management of Companies and Enterprises  |   .0441877   .0202032     2.19   0.029     .0045902    .0837853
Administrative and Support and Waste Management and Remedi..  |   .0194558   .0202212     0.96   0.336    -.0201771    .0590887
                                        Educational Services  |  -.0099327   .0184795    -0.54   0.591    -.0461519    .0262866
                           Health Care and Social Assistance  |   .0075266   .0176613     0.43   0.670     -.027089    .0421421
                         Arts, Entertainment, and Recreation  |  -.0430319   .0259411    -1.66   0.097    -.0938756    .0078117
                             Accommodation and Food Services  |   .0039491   .0255044     0.15   0.877    -.0460387    .0539368
               Other Services (except Public Administration)  |   -.011141   .0189879    -0.59   0.557    -.0483565    .0260745
                                       Public Administration  |   .0088425   .0208622     0.42   0.672    -.0320466    .0497316
                                                              |
                                                      nocprmg |
          Biological, agricultural and other life scientists  |  -.0244997   .0056629    -4.33   0.000    -.0355987   -.0134007
                             Physical and related scientists  |  -.0213358   .0055901    -3.82   0.000    -.0322921   -.0103795
                               Social and related scientists  |   .0021628   .0053829     0.40   0.688    -.0083876    .0127131
                                                   Engineers  |  -.0054127   .0029718    -1.82   0.069    -.0112373    .0004119
                                 S and E related occupations  |   .0049141   .0026985     1.82   0.069    -.0003749     .010203
                                     Non-S and E Occupations  |   -.012537   .0026994    -4.64   0.000    -.0178278   -.0072462
                                                              |
                                                          wan |   .0034396   .0004907     7.01   0.000     .0024779    .0044014
                                                              |
                                                       fptind |
                                                   Part-time  |  -.0613179   .0066359    -9.24   0.000     -.074324   -.0483118
                                                              |
                                                      emsecdt |
                          2-yr coll/pre-college institutions  |  -.0233236   .0044882    -5.20   0.000    -.0321203   -.0145268
                                         Bus/Ind, for-profit  |   .0048512   .0088397     0.55   0.583    -.0124743    .0221766
                                         Bus/Ind, non-profit  |  -.0065753   .0066745    -0.99   0.325    -.0196572    .0065065
                                          Federal government  |    .030922   .0134265     2.30   0.021     .0046066    .0572375
                                      State/Local government  |  -.0112242    .013216    -0.85   0.396    -.0371271    .0146787
                                                              |
                                                          age |   .0113357   .0008832    12.84   0.000     .0096047    .0130667
                                                         age2 |   -.000139     .00001   -13.87   0.000    -.0001587   -.0001194
                                                       tenure |  -.0001829   .0002914    -0.63   0.530     -.000754    .0003883
                                                         male |   .0235602   .0022968    10.26   0.000     .0190586    .0280618
                                                              |
                                                         race |
                               American Indian/Alaska Native  |  -.0017843   .0074559    -0.24   0.811    -.0163975     .012829
                                                       Black  |  -.0151416   .0042952    -3.53   0.000    -.0235599   -.0067232
                                                       White  |  -.0079002   .0028436    -2.78   0.005    -.0134735   -.0023268
                      Native Hawaiian/Other Pacific Islander  |   .0158646   .0120135     1.32   0.187    -.0076815    .0394107
                                                    Multiple  |  -.0147657   .0055118    -2.68   0.007    -.0255686   -.0039628
                                                              |
                                                          mar |   .0046933   .0018602     2.52   0.012     .0010473    .0083393
                                                        _cons |   1.507935   .0550942    27.37   0.000     1.399953    1.615918
-------------------------------------------------------------------------------------------------------------------------------
Underidentification test (Kleibergen-Paap rk LM statistic):             38.589
                                                   Chi-sq(3) P-val =    0.0000
------------------------------------------------------------------------------
Weak identification test (Cragg-Donald Wald F statistic):               26.296
                         (Kleibergen-Paap rk Wald F statistic):         12.982
Stock-Yogo weak ID test critical values:  5% maximal IV relative bias    13.91
                                         10% maximal IV relative bias     9.08
                                         20% maximal IV relative bias     6.46
                                         30% maximal IV relative bias     5.39
                                         10% maximal IV size             22.30
                                         15% maximal IV size             12.83
                                         20% maximal IV size              9.54
                                         25% maximal IV size              7.80
Source: Stock-Yogo (2005).  Reproduced by permission.
NB: Critical values are for Cragg-Donald F statistic and i.i.d. errors.
------------------------------------------------------------------------------
Hansen J statistic (overidentification test of all instruments):         5.590
                                                   Chi-sq(2) P-val =    0.0611
------------------------------------------------------------------------------
Instrumented:         startup
Included instruments: lnwage03 2.degree 3.degree 4.degree 2.major 3.major
                      4.major 5.major 6.major 7.major 12.hdclas 13.hdclas
                      14.hdclas 21.hdclas 22.hdclas 31.hdclas 32.hdclas
                      40.hdclas 51.hdclas 52.hdclas 53.hdclas 54.hdclas
                      56.hdclas 57.hdclas 59.hdclas 2.bindustry 3.bindustry
                      4.bindustry 5.bindustry 6.bindustry 7.bindustry
                      8.bindustry 9.bindustry 10.bindustry 11.bindustry
                      12.bindustry 13.bindustry 14.bindustry 15.bindustry
                      16.bindustry 17.bindustry 18.bindustry 19.bindustry
                      20.bindustry 2.nocprmg 3.nocprmg 4.nocprmg 5.nocprmg
                      6.nocprmg 7.nocprmg wan 2.fptind 12.emsecdt 21.emsecdt
                      23.emsecdt 31.emsecdt 32.emsecdt age age2 tenure male
                      2.race 3.race 4.race 5.race 6.race mar
Excluded instruments: 2.facsec 3.facsec 4.facsec
------------------------------------------------------------------------------

. 
end of do-file

