--------------------------------------------------------------------------------------------------
      name:  SESTAT_2003_2013_Joiners_setup
       log:  C:\Users\u0091183\Desktop\Phd\Papers\startup joiners\joiners\joiners_setup.log
  log type:  text
 opened on:  11 Nov 2016, 18:27:21

. 
. use "C:\Users\u0091183\Desktop\Phd\Datasets\SESTAT\sestat06.dta"

. rename salarp wage06

. save sestat06, replace
file sestat06.dta saved

. 
. use "C:\Users\u0091183\Desktop\Phd\Datasets\SESTAT\sestat08.dta"

. rename salarp wage08

. save sestat08, replace
file sestat08.dta saved

. 
. use "C:\Users\u0091183\Desktop\Phd\Datasets\SESTAT\sestat10.dta"

. rename salarp wage10

. save sestat10, replace
file sestat10.dta saved

. 
. use "C:\Users\u0091183\Desktop\Phd\Datasets\SESTAT\sestat13.dta"

. rename salarp wage13

. save sestat13, replace
file sestat13.dta saved

. 
. 
. 
. 
. 
end of do-file

. exit, clear
