--------------------------------------------------------------------------------------------------
      name:  Cleaning
       log:  C:\Users\u0091183\Desktop\Phd\Papers\startup joiners\joiners\joiners_cleaning.log
  log type:  text
 opened on:  15 Nov 2016, 16:34:49

. 
. use joiners.dta

.                                                         
. 
. /*++++++++++++++++++++++++++++++++++++++++++++++++++++++++++++++++++++++++++++++
> 
>                                                 CLEANING AND LABELING
>                         
> ++++++++++++++++++++++++++++++++++++++++++++++++++++++++++++++++++++++++++++++*/
. 
. /*      DEMOGRAPHIC VARIABLES */
. 
. //age
. label var age "Age"

. 
. gen age2 = age^2

. label var age2 "Age²"

. 
. //generate dummy for male
. gen male = 0 if gender == "F"
(57,217 missing values generated)

. replace male = 1 if gender == "M"
(57,217 real changes made)

. label var male "Male"

. 
. //generate dummy for married
. gen mar = 0 if marind == "N"
(74,943 missing values generated)

. replace mar = 1 if marind == "Y"
(74,943 real changes made)

. label var mar "Married"

. 
. //gen categorical variable for race
. gen race = real(racem)

. label var race "Race"

. label define race 1 "Asian" 2 "American Indian/Alaska Native" 3 "Black" 4 "White" 5 "Native Hawa
> iian/Other Pacific Islander" 6 "Multiple"

. label values race race

. qui tab race, gen (race)

. label var race1 "Asian"

. label var race2 "American Indian/Alaska Native"

. label var race3 "Black"

. label var race4 "White"

. label var race5 "Native Hawaiian/Other Pacific Islander"

. label var race6 "Multiple"

. 
end of do-file

. sum race*

    Variable |        Obs        Mean    Std. Dev.       Min        Max
-------------+---------------------------------------------------------
     racethm |          0
    racethmp |          0
       racem |          0
        race |    100,402    3.600088    1.038308          1          6
       race1 |    100,402    .1179757     .322581          0          1
-------------+---------------------------------------------------------
       race2 |    100,402    .0061553     .078214          0          1
       race3 |    100,402    .0742117    .2621164          0          1
       race4 |    100,402    .7795462    .4145547          0          1
       race5 |    100,402    .0036852    .0605941          0          1
       race6 |    100,402    .0184259    .1344864          0          1

. help summarize

. fsum race*

 Variable |        N     Mean       SD      Min      Max                                                                                                                              
----------+---------------------------------------------
     race |   100402     3.60     1.04     1.00     6.00  
    race1 |   100402     0.12     0.32     0.00     1.00  
    race2 |   100402     0.01     0.08     0.00     1.00  
    race3 |   100402     0.07     0.26     0.00     1.00  
    race4 |   100402     0.78     0.41     0.00     1.00  
    race5 |   100402     0.00     0.06     0.00     1.00  
    race6 |   100402     0.02     0.13     0.00     1.00  

. help fsum

. fsum race*, label

 Variable |        N     Mean       SD      Min      Max                                                                                                                              
----------+---------------------------------------------
     race |   100402     3.60     1.04     1.00     6.00  Race
    race1 |   100402     0.12     0.32     0.00     1.00  Asian
    race2 |   100402     0.01     0.08     0.00     1.00  American Indian/Alaska Native
    race3 |   100402     0.07     0.26     0.00     1.00  Black
    race4 |   100402     0.78     0.41     0.00     1.00  White
    race5 |   100402     0.00     0.06     0.00     1.00  Native Hawaiian/Other Pacific Islander
    race6 |   100402     0.02     0.13     0.00     1.00  Multiple

. help fsum

. fsum race*, varname

 Variable |        N     Mean       SD      Min      Max                                                                                                                              
----------+---------------------------------------------
     race |   100402     3.60     1.04     1.00     6.00  race
    race1 |   100402     0.12     0.32     0.00     1.00  race1
    race2 |   100402     0.01     0.08     0.00     1.00  race2
    race3 |   100402     0.07     0.26     0.00     1.00  race3
    race4 |   100402     0.78     0.41     0.00     1.00  race4
    race5 |   100402     0.00     0.06     0.00     1.00  race5
    race6 |   100402     0.02     0.13     0.00     1.00  race6

. fsum race*, label

 Variable |        N     Mean       SD      Min      Max                                                                                                                              
----------+---------------------------------------------
     race |   100402     3.60     1.04     1.00     6.00  Race
    race1 |   100402     0.12     0.32     0.00     1.00  Asian
    race2 |   100402     0.01     0.08     0.00     1.00  American Indian/Alaska Native
    race3 |   100402     0.07     0.26     0.00     1.00  Black
    race4 |   100402     0.78     0.41     0.00     1.00  White
    race5 |   100402     0.00     0.06     0.00     1.00  Native Hawaiian/Other Pacific Islander
    race6 |   100402     0.02     0.13     0.00     1.00  Multiple

. sum ibn.race

    Variable |        Obs        Mean    Std. Dev.       Min        Max
-------------+---------------------------------------------------------
        race |
      Asian  |    100,402    .1179757     .322581          0          1
American ..  |    100,402    .0061553     .078214          0          1
      Black  |    100,402    .0742117    .2621164          0          1
      White  |    100,402    .7795462    .4145547          0          1
Native Ha..  |    100,402    .0036852    .0605941          0          1
-------------+---------------------------------------------------------
   Multiple  |    100,402    .0184259    .1344864          0          1

. help logout

. ssc install logout
checking logout consistency and verifying not already installed...
installing into c:\ado\plus\...
installation complete.

. help logout

